2025-02-02 21:01:08,274 - INFO - [message_tracker.py:48] - Инициализация MessageTracker
2025-02-02 21:01:08,275 - DEBUG - [message_tracker.py:55] - Base directory: c:\Users\User\Desktop\wwww
2025-02-02 21:01:08,275 - DEBUG - [message_tracker.py:56] - Insights directory: c:\Users\User\Desktop\wwww\crypto-chat\data\alpha_insights
2025-02-02 21:01:08,276 - DEBUG - [message_tracker.py:57] - Profiles file: c:\Users\User\Desktop\wwww\towns\profiles.json
2025-02-02 21:01:08,276 - DEBUG - [message_tracker.py:58] - Messages file: c:\Users\User\Desktop\wwww\towns\messages.csv
2025-02-02 21:01:08,276 - ERROR - [message_tracker.py:228] - Не указан ID инсайта
2025-02-02 21:01:17,629 - INFO - [message_tracker.py:48] - Инициализация MessageTracker
2025-02-02 21:01:17,629 - DEBUG - [message_tracker.py:55] - Base directory: C:\Users\User\Desktop\wwww
2025-02-02 21:01:17,629 - DEBUG - [message_tracker.py:56] - Insights directory: C:\Users\User\Desktop\wwww\crypto-chat\data\alpha_insights
2025-02-02 21:01:17,630 - DEBUG - [message_tracker.py:57] - Profiles file: C:\Users\User\Desktop\wwww\towns\profiles.json
2025-02-02 21:01:17,630 - DEBUG - [message_tracker.py:58] - Messages file: C:\Users\User\Desktop\wwww\towns\messages.csv
2025-02-02 21:01:17,630 - INFO - [message_tracker.py:234] - Начало обработки инсайта 332146
2025-02-02 21:01:17,631 - INFO - [message_tracker.py:85] - Запуск обсуждения для инсайта 332146
2025-02-02 21:01:17,631 - DEBUG - [message_tracker.py:90] - Путь к скрипту: C:\Users\User\Desktop\wwww\towns\run-discussion.js
2025-02-02 21:01:17,764 - ERROR - [message_tracker.py:112] - Discussion error: node:internal/modules/cjs/loader:1242
2025-02-02 21:01:17,765 - DEBUG - [message_tracker.py:209] - Сохранение сообщения: {'timestamp': '2025-02-02 21:01:17', 'profile_id': 'system', 'type': 'error', 'content': 'node:internal/modules/cjs/loader:1242', 'insight_id': '332146', 'status': 'error', 'error': 'node:internal/modules/cjs/loader:1242', 'response_time': None, 'character_type': None}
2025-02-02 21:01:17,791 - ERROR - [message_tracker.py:112] - Discussion error: throw err;
2025-02-02 21:01:17,792 - DEBUG - [message_tracker.py:209] - Сохранение сообщения: {'timestamp': '2025-02-02 21:01:17', 'profile_id': 'system', 'type': 'error', 'content': 'throw err;', 'insight_id': '332146', 'status': 'error', 'error': 'throw err;', 'response_time': None, 'character_type': None}
2025-02-02 21:01:17,804 - ERROR - [message_tracker.py:112] - Discussion error: ^
2025-02-02 21:01:17,804 - DEBUG - [message_tracker.py:209] - Сохранение сообщения: {'timestamp': '2025-02-02 21:01:17', 'profile_id': 'system', 'type': 'error', 'content': '^', 'insight_id': '332146', 'status': 'error', 'error': '^', 'response_time': None, 'character_type': None}
2025-02-02 21:01:17,816 - ERROR - [message_tracker.py:112] - Discussion error: 
2025-02-02 21:01:17,816 - DEBUG - [message_tracker.py:209] - Сохранение сообщения: {'timestamp': '2025-02-02 21:01:17', 'profile_id': 'system', 'type': 'error', 'content': '', 'insight_id': '332146', 'status': 'error', 'error': '', 'response_time': None, 'character_type': None}
2025-02-02 21:01:17,828 - ERROR - [message_tracker.py:112] - Discussion error: Error: Cannot find module 'dotenv'
2025-02-02 21:01:17,829 - DEBUG - [message_tracker.py:209] - Сохранение сообщения: {'timestamp': '2025-02-02 21:01:17', 'profile_id': 'system', 'type': 'error', 'content': "Error: Cannot find module 'dotenv'", 'insight_id': '332146', 'status': 'error', 'error': "Error: Cannot find module 'dotenv'", 'response_time': None, 'character_type': None}
2025-02-02 21:01:17,840 - ERROR - [message_tracker.py:112] - Discussion error: Require stack:
2025-02-02 21:01:17,840 - DEBUG - [message_tracker.py:209] - Сохранение сообщения: {'timestamp': '2025-02-02 21:01:17', 'profile_id': 'system', 'type': 'error', 'content': 'Require stack:', 'insight_id': '332146', 'status': 'error', 'error': 'Require stack:', 'response_time': None, 'character_type': None}
2025-02-02 21:01:17,854 - ERROR - [message_tracker.py:112] - Discussion error: - C:\Users\User\Desktop\wwww\towns\run-discussion.js
2025-02-02 21:01:17,855 - DEBUG - [message_tracker.py:209] - Сохранение сообщения: {'timestamp': '2025-02-02 21:01:17', 'profile_id': 'system', 'type': 'error', 'content': '- C:\\Users\\User\\Desktop\\wwww\\towns\\run-discussion.js', 'insight_id': '332146', 'status': 'error', 'error': '- C:\\Users\\User\\Desktop\\wwww\\towns\\run-discussion.js', 'response_time': None, 'character_type': None}
2025-02-02 21:01:17,871 - ERROR - [message_tracker.py:112] - Discussion error: at Function._resolveFilename (node:internal/modules/cjs/loader:1239:15)
2025-02-02 21:01:17,872 - DEBUG - [message_tracker.py:209] - Сохранение сообщения: {'timestamp': '2025-02-02 21:01:17', 'profile_id': 'system', 'type': 'error', 'content': 'at Function._resolveFilename (node:internal/modules/cjs/loader:1239:15)', 'insight_id': '332146', 'status': 'error', 'error': 'at Function._resolveFilename (node:internal/modules/cjs/loader:1239:15)', 'response_time': None, 'character_type': None}
2025-02-02 21:01:17,889 - ERROR - [message_tracker.py:112] - Discussion error: at Function._load (node:internal/modules/cjs/loader:1064:27)
2025-02-02 21:01:17,890 - DEBUG - [message_tracker.py:209] - Сохранение сообщения: {'timestamp': '2025-02-02 21:01:17', 'profile_id': 'system', 'type': 'error', 'content': 'at Function._load (node:internal/modules/cjs/loader:1064:27)', 'insight_id': '332146', 'status': 'error', 'error': 'at Function._load (node:internal/modules/cjs/loader:1064:27)', 'response_time': None, 'character_type': None}
2025-02-02 21:01:17,906 - ERROR - [message_tracker.py:112] - Discussion error: at TracingChannel.traceSync (node:diagnostics_channel:322:14)
2025-02-02 21:01:17,907 - DEBUG - [message_tracker.py:209] - Сохранение сообщения: {'timestamp': '2025-02-02 21:01:17', 'profile_id': 'system', 'type': 'error', 'content': 'at TracingChannel.traceSync (node:diagnostics_channel:322:14)', 'insight_id': '332146', 'status': 'error', 'error': 'at TracingChannel.traceSync (node:diagnostics_channel:322:14)', 'response_time': None, 'character_type': None}
2025-02-02 21:01:17,923 - ERROR - [message_tracker.py:112] - Discussion error: at wrapModuleLoad (node:internal/modules/cjs/loader:218:24)
2025-02-02 21:01:17,923 - DEBUG - [message_tracker.py:209] - Сохранение сообщения: {'timestamp': '2025-02-02 21:01:17', 'profile_id': 'system', 'type': 'error', 'content': 'at wrapModuleLoad (node:internal/modules/cjs/loader:218:24)', 'insight_id': '332146', 'status': 'error', 'error': 'at wrapModuleLoad (node:internal/modules/cjs/loader:218:24)', 'response_time': None, 'character_type': None}
2025-02-02 21:01:17,941 - ERROR - [message_tracker.py:112] - Discussion error: at Module.require (node:internal/modules/cjs/loader:1325:12)
2025-02-02 21:01:17,942 - DEBUG - [message_tracker.py:209] - Сохранение сообщения: {'timestamp': '2025-02-02 21:01:17', 'profile_id': 'system', 'type': 'error', 'content': 'at Module.require (node:internal/modules/cjs/loader:1325:12)', 'insight_id': '332146', 'status': 'error', 'error': 'at Module.require (node:internal/modules/cjs/loader:1325:12)', 'response_time': None, 'character_type': None}
2025-02-02 21:01:17,956 - ERROR - [message_tracker.py:112] - Discussion error: at require (node:internal/modules/helpers:136:16)
2025-02-02 21:01:17,957 - DEBUG - [message_tracker.py:209] - Сохранение сообщения: {'timestamp': '2025-02-02 21:01:17', 'profile_id': 'system', 'type': 'error', 'content': 'at require (node:internal/modules/helpers:136:16)', 'insight_id': '332146', 'status': 'error', 'error': 'at require (node:internal/modules/helpers:136:16)', 'response_time': None, 'character_type': None}
2025-02-02 21:01:17,971 - ERROR - [message_tracker.py:112] - Discussion error: at Object.<anonymous> (C:\Users\User\Desktop\wwww\towns\run-discussion.js:1:1)
2025-02-02 21:01:17,971 - DEBUG - [message_tracker.py:209] - Сохранение сообщения: {'timestamp': '2025-02-02 21:01:17', 'profile_id': 'system', 'type': 'error', 'content': 'at Object.<anonymous> (C:\\Users\\User\\Desktop\\wwww\\towns\\run-discussion.js:1:1)', 'insight_id': '332146', 'status': 'error', 'error': 'at Object.<anonymous> (C:\\Users\\User\\Desktop\\wwww\\towns\\run-discussion.js:1:1)', 'response_time': None, 'character_type': None}
2025-02-02 21:01:17,986 - ERROR - [message_tracker.py:112] - Discussion error: at Module._compile (node:internal/modules/cjs/loader:1546:14)
2025-02-02 21:01:17,987 - DEBUG - [message_tracker.py:209] - Сохранение сообщения: {'timestamp': '2025-02-02 21:01:17', 'profile_id': 'system', 'type': 'error', 'content': 'at Module._compile (node:internal/modules/cjs/loader:1546:14)', 'insight_id': '332146', 'status': 'error', 'error': 'at Module._compile (node:internal/modules/cjs/loader:1546:14)', 'response_time': None, 'character_type': None}
2025-02-02 21:01:18,000 - ERROR - [message_tracker.py:112] - Discussion error: at Object..js (node:internal/modules/cjs/loader:1698:10)
2025-02-02 21:01:18,001 - DEBUG - [message_tracker.py:209] - Сохранение сообщения: {'timestamp': '2025-02-02 21:01:18', 'profile_id': 'system', 'type': 'error', 'content': 'at Object..js (node:internal/modules/cjs/loader:1698:10)', 'insight_id': '332146', 'status': 'error', 'error': 'at Object..js (node:internal/modules/cjs/loader:1698:10)', 'response_time': None, 'character_type': None}
2025-02-02 21:01:18,014 - ERROR - [message_tracker.py:112] - Discussion error: at Module.load (node:internal/modules/cjs/loader:1303:32) {
2025-02-02 21:01:18,015 - DEBUG - [message_tracker.py:209] - Сохранение сообщения: {'timestamp': '2025-02-02 21:01:18', 'profile_id': 'system', 'type': 'error', 'content': 'at Module.load (node:internal/modules/cjs/loader:1303:32) {', 'insight_id': '332146', 'status': 'error', 'error': 'at Module.load (node:internal/modules/cjs/loader:1303:32) {', 'response_time': None, 'character_type': None}
2025-02-02 21:01:18,028 - ERROR - [message_tracker.py:112] - Discussion error: code: 'MODULE_NOT_FOUND',
2025-02-02 21:01:18,029 - DEBUG - [message_tracker.py:209] - Сохранение сообщения: {'timestamp': '2025-02-02 21:01:18', 'profile_id': 'system', 'type': 'error', 'content': "code: 'MODULE_NOT_FOUND',", 'insight_id': '332146', 'status': 'error', 'error': "code: 'MODULE_NOT_FOUND',", 'response_time': None, 'character_type': None}
2025-02-02 21:01:18,043 - ERROR - [message_tracker.py:112] - Discussion error: requireStack: [ 'C:\\Users\\User\\Desktop\\wwww\\towns\\run-discussion.js' ]
2025-02-02 21:01:18,044 - DEBUG - [message_tracker.py:209] - Сохранение сообщения: {'timestamp': '2025-02-02 21:01:18', 'profile_id': 'system', 'type': 'error', 'content': "requireStack: [ 'C:\\\\Users\\\\User\\\\Desktop\\\\wwww\\\\towns\\\\run-discussion.js' ]", 'insight_id': '332146', 'status': 'error', 'error': "requireStack: [ 'C:\\\\Users\\\\User\\\\Desktop\\\\wwww\\\\towns\\\\run-discussion.js' ]", 'response_time': None, 'character_type': None}
2025-02-02 21:01:18,058 - ERROR - [message_tracker.py:112] - Discussion error: }
2025-02-02 21:01:18,059 - DEBUG - [message_tracker.py:209] - Сохранение сообщения: {'timestamp': '2025-02-02 21:01:18', 'profile_id': 'system', 'type': 'error', 'content': '}', 'insight_id': '332146', 'status': 'error', 'error': '}', 'response_time': None, 'character_type': None}
2025-02-02 21:01:18,073 - ERROR - [message_tracker.py:112] - Discussion error: 
2025-02-02 21:01:18,073 - DEBUG - [message_tracker.py:209] - Сохранение сообщения: {'timestamp': '2025-02-02 21:01:18', 'profile_id': 'system', 'type': 'error', 'content': '', 'insight_id': '332146', 'status': 'error', 'error': '', 'response_time': None, 'character_type': None}
2025-02-02 21:01:18,088 - ERROR - [message_tracker.py:112] - Discussion error: Node.js v23.3.0
2025-02-02 21:01:18,088 - DEBUG - [message_tracker.py:209] - Сохранение сообщения: {'timestamp': '2025-02-02 21:01:18', 'profile_id': 'system', 'type': 'error', 'content': 'Node.js v23.3.0', 'insight_id': '332146', 'status': 'error', 'error': 'Node.js v23.3.0', 'response_time': None, 'character_type': None}
2025-02-02 21:01:18,102 - INFO - [message_tracker.py:124] - Обсуждение завершено за 0.470825 секунд с кодом 1
2025-02-02 21:01:18,103 - ERROR - [message_tracker.py:239] - Ошибка при выполнении обсуждения
2025-02-02 21:02:25,568 - INFO - [message_tracker.py:48] - Инициализация MessageTracker
2025-02-02 21:02:25,568 - DEBUG - [message_tracker.py:55] - Base directory: c:\Users\User\Desktop\wwww
2025-02-02 21:02:25,569 - DEBUG - [message_tracker.py:56] - Insights directory: c:\Users\User\Desktop\wwww\crypto-chat\data\alpha_insights
2025-02-02 21:02:25,569 - DEBUG - [message_tracker.py:57] - Profiles file: c:\Users\User\Desktop\wwww\towns\profiles.json
2025-02-02 21:02:25,569 - DEBUG - [message_tracker.py:58] - Messages file: c:\Users\User\Desktop\wwww\towns\messages.csv
2025-02-02 21:02:25,570 - ERROR - [message_tracker.py:228] - Не указан ID инсайта
2025-02-02 21:02:32,180 - INFO - [message_tracker.py:48] - Инициализация MessageTracker
2025-02-02 21:02:32,181 - DEBUG - [message_tracker.py:55] - Base directory: C:\Users\User\Desktop\wwww
2025-02-02 21:02:32,181 - DEBUG - [message_tracker.py:56] - Insights directory: C:\Users\User\Desktop\wwww\crypto-chat\data\alpha_insights
2025-02-02 21:02:32,182 - DEBUG - [message_tracker.py:57] - Profiles file: C:\Users\User\Desktop\wwww\towns\profiles.json
2025-02-02 21:02:32,182 - DEBUG - [message_tracker.py:58] - Messages file: C:\Users\User\Desktop\wwww\towns\messages.csv
2025-02-02 21:02:32,182 - INFO - [message_tracker.py:234] - Начало обработки инсайта 332146
2025-02-02 21:02:32,182 - INFO - [message_tracker.py:85] - Запуск обсуждения для инсайта 332146
2025-02-02 21:02:32,183 - DEBUG - [message_tracker.py:90] - Путь к скрипту: C:\Users\User\Desktop\wwww\towns\run-discussion.js
2025-02-02 21:02:32,318 - ERROR - [message_tracker.py:112] - Discussion error: node:internal/modules/cjs/loader:1242
2025-02-02 21:02:32,319 - DEBUG - [message_tracker.py:209] - Сохранение сообщения: {'timestamp': '2025-02-02 21:02:32', 'profile_id': 'system', 'type': 'error', 'content': 'node:internal/modules/cjs/loader:1242', 'insight_id': '332146', 'status': 'error', 'error': 'node:internal/modules/cjs/loader:1242', 'response_time': None, 'character_type': None}
2025-02-02 21:02:32,330 - ERROR - [message_tracker.py:112] - Discussion error: throw err;
2025-02-02 21:02:32,331 - DEBUG - [message_tracker.py:209] - Сохранение сообщения: {'timestamp': '2025-02-02 21:02:32', 'profile_id': 'system', 'type': 'error', 'content': 'throw err;', 'insight_id': '332146', 'status': 'error', 'error': 'throw err;', 'response_time': None, 'character_type': None}
2025-02-02 21:02:32,347 - ERROR - [message_tracker.py:112] - Discussion error: ^
2025-02-02 21:02:32,348 - DEBUG - [message_tracker.py:209] - Сохранение сообщения: {'timestamp': '2025-02-02 21:02:32', 'profile_id': 'system', 'type': 'error', 'content': '^', 'insight_id': '332146', 'status': 'error', 'error': '^', 'response_time': None, 'character_type': None}
2025-02-02 21:02:32,364 - ERROR - [message_tracker.py:112] - Discussion error: 
2025-02-02 21:02:32,365 - DEBUG - [message_tracker.py:209] - Сохранение сообщения: {'timestamp': '2025-02-02 21:02:32', 'profile_id': 'system', 'type': 'error', 'content': '', 'insight_id': '332146', 'status': 'error', 'error': '', 'response_time': None, 'character_type': None}
2025-02-02 21:02:32,382 - ERROR - [message_tracker.py:112] - Discussion error: Error: Cannot find module 'dotenv'
2025-02-02 21:02:32,382 - DEBUG - [message_tracker.py:209] - Сохранение сообщения: {'timestamp': '2025-02-02 21:02:32', 'profile_id': 'system', 'type': 'error', 'content': "Error: Cannot find module 'dotenv'", 'insight_id': '332146', 'status': 'error', 'error': "Error: Cannot find module 'dotenv'", 'response_time': None, 'character_type': None}
2025-02-02 21:02:32,399 - ERROR - [message_tracker.py:112] - Discussion error: Require stack:
2025-02-02 21:02:32,400 - DEBUG - [message_tracker.py:209] - Сохранение сообщения: {'timestamp': '2025-02-02 21:02:32', 'profile_id': 'system', 'type': 'error', 'content': 'Require stack:', 'insight_id': '332146', 'status': 'error', 'error': 'Require stack:', 'response_time': None, 'character_type': None}
2025-02-02 21:02:32,416 - ERROR - [message_tracker.py:112] - Discussion error: - C:\Users\User\Desktop\wwww\towns\run-discussion.js
2025-02-02 21:02:32,417 - DEBUG - [message_tracker.py:209] - Сохранение сообщения: {'timestamp': '2025-02-02 21:02:32', 'profile_id': 'system', 'type': 'error', 'content': '- C:\\Users\\User\\Desktop\\wwww\\towns\\run-discussion.js', 'insight_id': '332146', 'status': 'error', 'error': '- C:\\Users\\User\\Desktop\\wwww\\towns\\run-discussion.js', 'response_time': None, 'character_type': None}
2025-02-02 21:02:32,433 - ERROR - [message_tracker.py:112] - Discussion error: at Function._resolveFilename (node:internal/modules/cjs/loader:1239:15)
2025-02-02 21:02:32,434 - DEBUG - [message_tracker.py:209] - Сохранение сообщения: {'timestamp': '2025-02-02 21:02:32', 'profile_id': 'system', 'type': 'error', 'content': 'at Function._resolveFilename (node:internal/modules/cjs/loader:1239:15)', 'insight_id': '332146', 'status': 'error', 'error': 'at Function._resolveFilename (node:internal/modules/cjs/loader:1239:15)', 'response_time': None, 'character_type': None}
2025-02-02 21:02:32,451 - ERROR - [message_tracker.py:112] - Discussion error: at Function._load (node:internal/modules/cjs/loader:1064:27)
2025-02-02 21:02:32,451 - DEBUG - [message_tracker.py:209] - Сохранение сообщения: {'timestamp': '2025-02-02 21:02:32', 'profile_id': 'system', 'type': 'error', 'content': 'at Function._load (node:internal/modules/cjs/loader:1064:27)', 'insight_id': '332146', 'status': 'error', 'error': 'at Function._load (node:internal/modules/cjs/loader:1064:27)', 'response_time': None, 'character_type': None}
2025-02-02 21:02:32,467 - ERROR - [message_tracker.py:112] - Discussion error: at TracingChannel.traceSync (node:diagnostics_channel:322:14)
2025-02-02 21:02:32,467 - DEBUG - [message_tracker.py:209] - Сохранение сообщения: {'timestamp': '2025-02-02 21:02:32', 'profile_id': 'system', 'type': 'error', 'content': 'at TracingChannel.traceSync (node:diagnostics_channel:322:14)', 'insight_id': '332146', 'status': 'error', 'error': 'at TracingChannel.traceSync (node:diagnostics_channel:322:14)', 'response_time': None, 'character_type': None}
2025-02-02 21:02:32,483 - ERROR - [message_tracker.py:112] - Discussion error: at wrapModuleLoad (node:internal/modules/cjs/loader:218:24)
2025-02-02 21:02:32,484 - DEBUG - [message_tracker.py:209] - Сохранение сообщения: {'timestamp': '2025-02-02 21:02:32', 'profile_id': 'system', 'type': 'error', 'content': 'at wrapModuleLoad (node:internal/modules/cjs/loader:218:24)', 'insight_id': '332146', 'status': 'error', 'error': 'at wrapModuleLoad (node:internal/modules/cjs/loader:218:24)', 'response_time': None, 'character_type': None}
2025-02-02 21:02:32,502 - ERROR - [message_tracker.py:112] - Discussion error: at Module.require (node:internal/modules/cjs/loader:1325:12)
2025-02-02 21:02:32,502 - DEBUG - [message_tracker.py:209] - Сохранение сообщения: {'timestamp': '2025-02-02 21:02:32', 'profile_id': 'system', 'type': 'error', 'content': 'at Module.require (node:internal/modules/cjs/loader:1325:12)', 'insight_id': '332146', 'status': 'error', 'error': 'at Module.require (node:internal/modules/cjs/loader:1325:12)', 'response_time': None, 'character_type': None}
2025-02-02 21:02:32,522 - ERROR - [message_tracker.py:112] - Discussion error: at require (node:internal/modules/helpers:136:16)
2025-02-02 21:02:32,522 - DEBUG - [message_tracker.py:209] - Сохранение сообщения: {'timestamp': '2025-02-02 21:02:32', 'profile_id': 'system', 'type': 'error', 'content': 'at require (node:internal/modules/helpers:136:16)', 'insight_id': '332146', 'status': 'error', 'error': 'at require (node:internal/modules/helpers:136:16)', 'response_time': None, 'character_type': None}
2025-02-02 21:02:32,539 - ERROR - [message_tracker.py:112] - Discussion error: at Object.<anonymous> (C:\Users\User\Desktop\wwww\towns\run-discussion.js:1:1)
2025-02-02 21:02:32,540 - DEBUG - [message_tracker.py:209] - Сохранение сообщения: {'timestamp': '2025-02-02 21:02:32', 'profile_id': 'system', 'type': 'error', 'content': 'at Object.<anonymous> (C:\\Users\\User\\Desktop\\wwww\\towns\\run-discussion.js:1:1)', 'insight_id': '332146', 'status': 'error', 'error': 'at Object.<anonymous> (C:\\Users\\User\\Desktop\\wwww\\towns\\run-discussion.js:1:1)', 'response_time': None, 'character_type': None}
2025-02-02 21:02:32,559 - ERROR - [message_tracker.py:112] - Discussion error: at Module._compile (node:internal/modules/cjs/loader:1546:14)
2025-02-02 21:02:32,560 - DEBUG - [message_tracker.py:209] - Сохранение сообщения: {'timestamp': '2025-02-02 21:02:32', 'profile_id': 'system', 'type': 'error', 'content': 'at Module._compile (node:internal/modules/cjs/loader:1546:14)', 'insight_id': '332146', 'status': 'error', 'error': 'at Module._compile (node:internal/modules/cjs/loader:1546:14)', 'response_time': None, 'character_type': None}
2025-02-02 21:02:32,577 - ERROR - [message_tracker.py:112] - Discussion error: at Object..js (node:internal/modules/cjs/loader:1698:10)
2025-02-02 21:02:32,577 - DEBUG - [message_tracker.py:209] - Сохранение сообщения: {'timestamp': '2025-02-02 21:02:32', 'profile_id': 'system', 'type': 'error', 'content': 'at Object..js (node:internal/modules/cjs/loader:1698:10)', 'insight_id': '332146', 'status': 'error', 'error': 'at Object..js (node:internal/modules/cjs/loader:1698:10)', 'response_time': None, 'character_type': None}
2025-02-02 21:02:32,594 - ERROR - [message_tracker.py:112] - Discussion error: at Module.load (node:internal/modules/cjs/loader:1303:32) {
2025-02-02 21:02:32,595 - DEBUG - [message_tracker.py:209] - Сохранение сообщения: {'timestamp': '2025-02-02 21:02:32', 'profile_id': 'system', 'type': 'error', 'content': 'at Module.load (node:internal/modules/cjs/loader:1303:32) {', 'insight_id': '332146', 'status': 'error', 'error': 'at Module.load (node:internal/modules/cjs/loader:1303:32) {', 'response_time': None, 'character_type': None}
2025-02-02 21:02:32,612 - ERROR - [message_tracker.py:112] - Discussion error: code: 'MODULE_NOT_FOUND',
2025-02-02 21:02:32,612 - DEBUG - [message_tracker.py:209] - Сохранение сообщения: {'timestamp': '2025-02-02 21:02:32', 'profile_id': 'system', 'type': 'error', 'content': "code: 'MODULE_NOT_FOUND',", 'insight_id': '332146', 'status': 'error', 'error': "code: 'MODULE_NOT_FOUND',", 'response_time': None, 'character_type': None}
2025-02-02 21:02:32,628 - ERROR - [message_tracker.py:112] - Discussion error: requireStack: [ 'C:\\Users\\User\\Desktop\\wwww\\towns\\run-discussion.js' ]
2025-02-02 21:02:32,629 - DEBUG - [message_tracker.py:209] - Сохранение сообщения: {'timestamp': '2025-02-02 21:02:32', 'profile_id': 'system', 'type': 'error', 'content': "requireStack: [ 'C:\\\\Users\\\\User\\\\Desktop\\\\wwww\\\\towns\\\\run-discussion.js' ]", 'insight_id': '332146', 'status': 'error', 'error': "requireStack: [ 'C:\\\\Users\\\\User\\\\Desktop\\\\wwww\\\\towns\\\\run-discussion.js' ]", 'response_time': None, 'character_type': None}
2025-02-02 21:02:32,645 - ERROR - [message_tracker.py:112] - Discussion error: }
2025-02-02 21:02:32,646 - DEBUG - [message_tracker.py:209] - Сохранение сообщения: {'timestamp': '2025-02-02 21:02:32', 'profile_id': 'system', 'type': 'error', 'content': '}', 'insight_id': '332146', 'status': 'error', 'error': '}', 'response_time': None, 'character_type': None}
2025-02-02 21:02:32,663 - ERROR - [message_tracker.py:112] - Discussion error: 
2025-02-02 21:02:32,663 - DEBUG - [message_tracker.py:209] - Сохранение сообщения: {'timestamp': '2025-02-02 21:02:32', 'profile_id': 'system', 'type': 'error', 'content': '', 'insight_id': '332146', 'status': 'error', 'error': '', 'response_time': None, 'character_type': None}
2025-02-02 21:02:32,679 - ERROR - [message_tracker.py:112] - Discussion error: Node.js v23.3.0
2025-02-02 21:02:32,680 - DEBUG - [message_tracker.py:209] - Сохранение сообщения: {'timestamp': '2025-02-02 21:02:32', 'profile_id': 'system', 'type': 'error', 'content': 'Node.js v23.3.0', 'insight_id': '332146', 'status': 'error', 'error': 'Node.js v23.3.0', 'response_time': None, 'character_type': None}
2025-02-02 21:02:32,697 - INFO - [message_tracker.py:124] - Обсуждение завершено за 0.514463 секунд с кодом 1
2025-02-02 21:02:32,698 - ERROR - [message_tracker.py:239] - Ошибка при выполнении обсуждения
2025-02-02 21:03:09,646 - INFO - [message_tracker.py:48] - Инициализация MessageTracker
2025-02-02 21:03:09,646 - DEBUG - [message_tracker.py:55] - Base directory: C:\Users\User\Desktop\wwww
2025-02-02 21:03:09,647 - DEBUG - [message_tracker.py:56] - Insights directory: C:\Users\User\Desktop\wwww\crypto-chat\data\alpha_insights
2025-02-02 21:03:09,647 - DEBUG - [message_tracker.py:57] - Profiles file: C:\Users\User\Desktop\wwww\towns\profiles.json
2025-02-02 21:03:09,647 - DEBUG - [message_tracker.py:58] - Messages file: C:\Users\User\Desktop\wwww\towns\messages.csv
2025-02-02 21:03:09,648 - INFO - [message_tracker.py:234] - Начало обработки инсайта 332146
2025-02-02 21:03:09,648 - INFO - [message_tracker.py:85] - Запуск обсуждения для инсайта 332146
2025-02-02 21:03:09,648 - DEBUG - [message_tracker.py:90] - Путь к скрипту: C:\Users\User\Desktop\wwww\towns\run-discussion.js
2025-02-02 21:03:13,505 - ERROR - [message_tracker.py:112] - Discussion error: node:internal/modules/cjs/loader:1242
2025-02-02 21:03:13,506 - DEBUG - [message_tracker.py:209] - Сохранение сообщения: {'timestamp': '2025-02-02 21:03:13', 'profile_id': 'system', 'type': 'error', 'content': 'node:internal/modules/cjs/loader:1242', 'insight_id': '332146', 'status': 'error', 'error': 'node:internal/modules/cjs/loader:1242', 'response_time': None, 'character_type': None}
2025-02-02 21:03:13,526 - ERROR - [message_tracker.py:112] - Discussion error: throw err;
2025-02-02 21:03:13,526 - DEBUG - [message_tracker.py:209] - Сохранение сообщения: {'timestamp': '2025-02-02 21:03:13', 'profile_id': 'system', 'type': 'error', 'content': 'throw err;', 'insight_id': '332146', 'status': 'error', 'error': 'throw err;', 'response_time': None, 'character_type': None}
2025-02-02 21:03:13,542 - ERROR - [message_tracker.py:112] - Discussion error: ^
2025-02-02 21:03:13,543 - DEBUG - [message_tracker.py:209] - Сохранение сообщения: {'timestamp': '2025-02-02 21:03:13', 'profile_id': 'system', 'type': 'error', 'content': '^', 'insight_id': '332146', 'status': 'error', 'error': '^', 'response_time': None, 'character_type': None}
2025-02-02 21:03:13,565 - ERROR - [message_tracker.py:112] - Discussion error: 
2025-02-02 21:03:13,566 - DEBUG - [message_tracker.py:209] - Сохранение сообщения: {'timestamp': '2025-02-02 21:03:13', 'profile_id': 'system', 'type': 'error', 'content': '', 'insight_id': '332146', 'status': 'error', 'error': '', 'response_time': None, 'character_type': None}
2025-02-02 21:03:13,587 - ERROR - [message_tracker.py:112] - Discussion error: Error: Cannot find module '../crypto-chat/src/characters/index'
2025-02-02 21:03:13,587 - DEBUG - [message_tracker.py:209] - Сохранение сообщения: {'timestamp': '2025-02-02 21:03:13', 'profile_id': 'system', 'type': 'error', 'content': "Error: Cannot find module '../crypto-chat/src/characters/index'", 'insight_id': '332146', 'status': 'error', 'error': "Error: Cannot find module '../crypto-chat/src/characters/index'", 'response_time': None, 'character_type': None}
2025-02-02 21:03:13,606 - ERROR - [message_tracker.py:112] - Discussion error: Require stack:
2025-02-02 21:03:13,607 - DEBUG - [message_tracker.py:209] - Сохранение сообщения: {'timestamp': '2025-02-02 21:03:13', 'profile_id': 'system', 'type': 'error', 'content': 'Require stack:', 'insight_id': '332146', 'status': 'error', 'error': 'Require stack:', 'response_time': None, 'character_type': None}
2025-02-02 21:03:13,623 - ERROR - [message_tracker.py:112] - Discussion error: - C:\Users\User\Desktop\wwww\towns\profiles.js
2025-02-02 21:03:13,623 - DEBUG - [message_tracker.py:209] - Сохранение сообщения: {'timestamp': '2025-02-02 21:03:13', 'profile_id': 'system', 'type': 'error', 'content': '- C:\\Users\\User\\Desktop\\wwww\\towns\\profiles.js', 'insight_id': '332146', 'status': 'error', 'error': '- C:\\Users\\User\\Desktop\\wwww\\towns\\profiles.js', 'response_time': None, 'character_type': None}
2025-02-02 21:03:13,644 - ERROR - [message_tracker.py:112] - Discussion error: - C:\Users\User\Desktop\wwww\towns\post-insight.js
2025-02-02 21:03:13,644 - DEBUG - [message_tracker.py:209] - Сохранение сообщения: {'timestamp': '2025-02-02 21:03:13', 'profile_id': 'system', 'type': 'error', 'content': '- C:\\Users\\User\\Desktop\\wwww\\towns\\post-insight.js', 'insight_id': '332146', 'status': 'error', 'error': '- C:\\Users\\User\\Desktop\\wwww\\towns\\post-insight.js', 'response_time': None, 'character_type': None}
2025-02-02 21:03:13,660 - ERROR - [message_tracker.py:112] - Discussion error: - C:\Users\User\Desktop\wwww\towns\run-discussion.js
2025-02-02 21:03:13,660 - DEBUG - [message_tracker.py:209] - Сохранение сообщения: {'timestamp': '2025-02-02 21:03:13', 'profile_id': 'system', 'type': 'error', 'content': '- C:\\Users\\User\\Desktop\\wwww\\towns\\run-discussion.js', 'insight_id': '332146', 'status': 'error', 'error': '- C:\\Users\\User\\Desktop\\wwww\\towns\\run-discussion.js', 'response_time': None, 'character_type': None}
2025-02-02 21:03:13,674 - ERROR - [message_tracker.py:112] - Discussion error: at Function._resolveFilename (node:internal/modules/cjs/loader:1239:15)
2025-02-02 21:03:13,675 - DEBUG - [message_tracker.py:209] - Сохранение сообщения: {'timestamp': '2025-02-02 21:03:13', 'profile_id': 'system', 'type': 'error', 'content': 'at Function._resolveFilename (node:internal/modules/cjs/loader:1239:15)', 'insight_id': '332146', 'status': 'error', 'error': 'at Function._resolveFilename (node:internal/modules/cjs/loader:1239:15)', 'response_time': None, 'character_type': None}
2025-02-02 21:03:13,690 - ERROR - [message_tracker.py:112] - Discussion error: at Function._load (node:internal/modules/cjs/loader:1064:27)
2025-02-02 21:03:13,691 - DEBUG - [message_tracker.py:209] - Сохранение сообщения: {'timestamp': '2025-02-02 21:03:13', 'profile_id': 'system', 'type': 'error', 'content': 'at Function._load (node:internal/modules/cjs/loader:1064:27)', 'insight_id': '332146', 'status': 'error', 'error': 'at Function._load (node:internal/modules/cjs/loader:1064:27)', 'response_time': None, 'character_type': None}
2025-02-02 21:03:13,707 - ERROR - [message_tracker.py:112] - Discussion error: at TracingChannel.traceSync (node:diagnostics_channel:322:14)
2025-02-02 21:03:13,708 - DEBUG - [message_tracker.py:209] - Сохранение сообщения: {'timestamp': '2025-02-02 21:03:13', 'profile_id': 'system', 'type': 'error', 'content': 'at TracingChannel.traceSync (node:diagnostics_channel:322:14)', 'insight_id': '332146', 'status': 'error', 'error': 'at TracingChannel.traceSync (node:diagnostics_channel:322:14)', 'response_time': None, 'character_type': None}
2025-02-02 21:03:13,725 - ERROR - [message_tracker.py:112] - Discussion error: at wrapModuleLoad (node:internal/modules/cjs/loader:218:24)
2025-02-02 21:03:13,725 - DEBUG - [message_tracker.py:209] - Сохранение сообщения: {'timestamp': '2025-02-02 21:03:13', 'profile_id': 'system', 'type': 'error', 'content': 'at wrapModuleLoad (node:internal/modules/cjs/loader:218:24)', 'insight_id': '332146', 'status': 'error', 'error': 'at wrapModuleLoad (node:internal/modules/cjs/loader:218:24)', 'response_time': None, 'character_type': None}
2025-02-02 21:03:13,744 - ERROR - [message_tracker.py:112] - Discussion error: at Module.require (node:internal/modules/cjs/loader:1325:12)
2025-02-02 21:03:13,745 - DEBUG - [message_tracker.py:209] - Сохранение сообщения: {'timestamp': '2025-02-02 21:03:13', 'profile_id': 'system', 'type': 'error', 'content': 'at Module.require (node:internal/modules/cjs/loader:1325:12)', 'insight_id': '332146', 'status': 'error', 'error': 'at Module.require (node:internal/modules/cjs/loader:1325:12)', 'response_time': None, 'character_type': None}
2025-02-02 21:03:13,761 - ERROR - [message_tracker.py:112] - Discussion error: at require (node:internal/modules/helpers:136:16)
2025-02-02 21:03:13,762 - DEBUG - [message_tracker.py:209] - Сохранение сообщения: {'timestamp': '2025-02-02 21:03:13', 'profile_id': 'system', 'type': 'error', 'content': 'at require (node:internal/modules/helpers:136:16)', 'insight_id': '332146', 'status': 'error', 'error': 'at require (node:internal/modules/helpers:136:16)', 'response_time': None, 'character_type': None}
2025-02-02 21:03:13,777 - ERROR - [message_tracker.py:112] - Discussion error: at Object.<anonymous> (C:\Users\User\Desktop\wwww\towns\profiles.js:16:5)
2025-02-02 21:03:13,778 - DEBUG - [message_tracker.py:209] - Сохранение сообщения: {'timestamp': '2025-02-02 21:03:13', 'profile_id': 'system', 'type': 'error', 'content': 'at Object.<anonymous> (C:\\Users\\User\\Desktop\\wwww\\towns\\profiles.js:16:5)', 'insight_id': '332146', 'status': 'error', 'error': 'at Object.<anonymous> (C:\\Users\\User\\Desktop\\wwww\\towns\\profiles.js:16:5)', 'response_time': None, 'character_type': None}
2025-02-02 21:03:13,794 - ERROR - [message_tracker.py:112] - Discussion error: at Module._compile (node:internal/modules/cjs/loader:1546:14)
2025-02-02 21:03:13,794 - DEBUG - [message_tracker.py:209] - Сохранение сообщения: {'timestamp': '2025-02-02 21:03:13', 'profile_id': 'system', 'type': 'error', 'content': 'at Module._compile (node:internal/modules/cjs/loader:1546:14)', 'insight_id': '332146', 'status': 'error', 'error': 'at Module._compile (node:internal/modules/cjs/loader:1546:14)', 'response_time': None, 'character_type': None}
2025-02-02 21:03:13,810 - ERROR - [message_tracker.py:112] - Discussion error: at Object..js (node:internal/modules/cjs/loader:1698:10)
2025-02-02 21:03:13,811 - DEBUG - [message_tracker.py:209] - Сохранение сообщения: {'timestamp': '2025-02-02 21:03:13', 'profile_id': 'system', 'type': 'error', 'content': 'at Object..js (node:internal/modules/cjs/loader:1698:10)', 'insight_id': '332146', 'status': 'error', 'error': 'at Object..js (node:internal/modules/cjs/loader:1698:10)', 'response_time': None, 'character_type': None}
2025-02-02 21:03:13,825 - ERROR - [message_tracker.py:112] - Discussion error: at Module.load (node:internal/modules/cjs/loader:1303:32) {
2025-02-02 21:03:13,826 - DEBUG - [message_tracker.py:209] - Сохранение сообщения: {'timestamp': '2025-02-02 21:03:13', 'profile_id': 'system', 'type': 'error', 'content': 'at Module.load (node:internal/modules/cjs/loader:1303:32) {', 'insight_id': '332146', 'status': 'error', 'error': 'at Module.load (node:internal/modules/cjs/loader:1303:32) {', 'response_time': None, 'character_type': None}
2025-02-02 21:03:13,841 - ERROR - [message_tracker.py:112] - Discussion error: code: 'MODULE_NOT_FOUND',
2025-02-02 21:03:13,841 - DEBUG - [message_tracker.py:209] - Сохранение сообщения: {'timestamp': '2025-02-02 21:03:13', 'profile_id': 'system', 'type': 'error', 'content': "code: 'MODULE_NOT_FOUND',", 'insight_id': '332146', 'status': 'error', 'error': "code: 'MODULE_NOT_FOUND',", 'response_time': None, 'character_type': None}
2025-02-02 21:03:13,858 - ERROR - [message_tracker.py:112] - Discussion error: requireStack: [
2025-02-02 21:03:13,858 - DEBUG - [message_tracker.py:209] - Сохранение сообщения: {'timestamp': '2025-02-02 21:03:13', 'profile_id': 'system', 'type': 'error', 'content': 'requireStack: [', 'insight_id': '332146', 'status': 'error', 'error': 'requireStack: [', 'response_time': None, 'character_type': None}
2025-02-02 21:03:13,873 - ERROR - [message_tracker.py:112] - Discussion error: 'C:\\Users\\User\\Desktop\\wwww\\towns\\profiles.js',
2025-02-02 21:03:13,874 - DEBUG - [message_tracker.py:209] - Сохранение сообщения: {'timestamp': '2025-02-02 21:03:13', 'profile_id': 'system', 'type': 'error', 'content': "'C:\\\\Users\\\\User\\\\Desktop\\\\wwww\\\\towns\\\\profiles.js',", 'insight_id': '332146', 'status': 'error', 'error': "'C:\\\\Users\\\\User\\\\Desktop\\\\wwww\\\\towns\\\\profiles.js',", 'response_time': None, 'character_type': None}
2025-02-02 21:03:13,889 - ERROR - [message_tracker.py:112] - Discussion error: 'C:\\Users\\User\\Desktop\\wwww\\towns\\post-insight.js',
2025-02-02 21:03:13,889 - DEBUG - [message_tracker.py:209] - Сохранение сообщения: {'timestamp': '2025-02-02 21:03:13', 'profile_id': 'system', 'type': 'error', 'content': "'C:\\\\Users\\\\User\\\\Desktop\\\\wwww\\\\towns\\\\post-insight.js',", 'insight_id': '332146', 'status': 'error', 'error': "'C:\\\\Users\\\\User\\\\Desktop\\\\wwww\\\\towns\\\\post-insight.js',", 'response_time': None, 'character_type': None}
2025-02-02 21:03:13,904 - ERROR - [message_tracker.py:112] - Discussion error: 'C:\\Users\\User\\Desktop\\wwww\\towns\\run-discussion.js'
2025-02-02 21:03:13,904 - DEBUG - [message_tracker.py:209] - Сохранение сообщения: {'timestamp': '2025-02-02 21:03:13', 'profile_id': 'system', 'type': 'error', 'content': "'C:\\\\Users\\\\User\\\\Desktop\\\\wwww\\\\towns\\\\run-discussion.js'", 'insight_id': '332146', 'status': 'error', 'error': "'C:\\\\Users\\\\User\\\\Desktop\\\\wwww\\\\towns\\\\run-discussion.js'", 'response_time': None, 'character_type': None}
2025-02-02 21:03:13,920 - ERROR - [message_tracker.py:112] - Discussion error: ]
2025-02-02 21:03:13,920 - DEBUG - [message_tracker.py:209] - Сохранение сообщения: {'timestamp': '2025-02-02 21:03:13', 'profile_id': 'system', 'type': 'error', 'content': ']', 'insight_id': '332146', 'status': 'error', 'error': ']', 'response_time': None, 'character_type': None}
2025-02-02 21:03:13,935 - ERROR - [message_tracker.py:112] - Discussion error: }
2025-02-02 21:03:13,936 - DEBUG - [message_tracker.py:209] - Сохранение сообщения: {'timestamp': '2025-02-02 21:03:13', 'profile_id': 'system', 'type': 'error', 'content': '}', 'insight_id': '332146', 'status': 'error', 'error': '}', 'response_time': None, 'character_type': None}
2025-02-02 21:03:13,951 - ERROR - [message_tracker.py:112] - Discussion error: 
2025-02-02 21:03:13,952 - DEBUG - [message_tracker.py:209] - Сохранение сообщения: {'timestamp': '2025-02-02 21:03:13', 'profile_id': 'system', 'type': 'error', 'content': '', 'insight_id': '332146', 'status': 'error', 'error': '', 'response_time': None, 'character_type': None}
2025-02-02 21:03:13,967 - ERROR - [message_tracker.py:112] - Discussion error: Node.js v23.3.0
2025-02-02 21:03:13,968 - DEBUG - [message_tracker.py:209] - Сохранение сообщения: {'timestamp': '2025-02-02 21:03:13', 'profile_id': 'system', 'type': 'error', 'content': 'Node.js v23.3.0', 'insight_id': '332146', 'status': 'error', 'error': 'Node.js v23.3.0', 'response_time': None, 'character_type': None}
2025-02-02 21:03:13,984 - INFO - [message_tracker.py:124] - Обсуждение завершено за 4.335706 секунд с кодом 1
2025-02-02 21:03:13,984 - ERROR - [message_tracker.py:239] - Ошибка при выполнении обсуждения
2025-02-02 21:03:43,782 - INFO - [message_tracker.py:48] - Инициализация MessageTracker
2025-02-02 21:03:43,783 - DEBUG - [message_tracker.py:55] - Base directory: C:\Users\User\Desktop\wwww
2025-02-02 21:03:43,783 - DEBUG - [message_tracker.py:56] - Insights directory: C:\Users\User\Desktop\wwww\crypto-chat\data\alpha_insights
2025-02-02 21:03:43,783 - DEBUG - [message_tracker.py:57] - Profiles file: C:\Users\User\Desktop\wwww\towns\profiles.json
2025-02-02 21:03:43,784 - DEBUG - [message_tracker.py:58] - Messages file: C:\Users\User\Desktop\wwww\towns\messages.csv
2025-02-02 21:03:43,784 - INFO - [message_tracker.py:234] - Начало обработки инсайта 332146
2025-02-02 21:03:43,784 - INFO - [message_tracker.py:85] - Запуск обсуждения для инсайта 332146
2025-02-02 21:03:43,784 - DEBUG - [message_tracker.py:90] - Путь к скрипту: C:\Users\User\Desktop\wwww\towns\run-discussion.js
2025-02-02 21:03:44,201 - ERROR - [message_tracker.py:112] - Discussion error: node:internal/modules/cjs/loader:1242
2025-02-02 21:03:44,201 - DEBUG - [message_tracker.py:209] - Сохранение сообщения: {'timestamp': '2025-02-02 21:03:44', 'profile_id': 'system', 'type': 'error', 'content': 'node:internal/modules/cjs/loader:1242', 'insight_id': '332146', 'status': 'error', 'error': 'node:internal/modules/cjs/loader:1242', 'response_time': None, 'character_type': None}
2025-02-02 21:03:44,222 - ERROR - [message_tracker.py:112] - Discussion error: throw err;
2025-02-02 21:03:44,222 - DEBUG - [message_tracker.py:209] - Сохранение сообщения: {'timestamp': '2025-02-02 21:03:44', 'profile_id': 'system', 'type': 'error', 'content': 'throw err;', 'insight_id': '332146', 'status': 'error', 'error': 'throw err;', 'response_time': None, 'character_type': None}
2025-02-02 21:03:44,240 - ERROR - [message_tracker.py:112] - Discussion error: ^
2025-02-02 21:03:44,240 - DEBUG - [message_tracker.py:209] - Сохранение сообщения: {'timestamp': '2025-02-02 21:03:44', 'profile_id': 'system', 'type': 'error', 'content': '^', 'insight_id': '332146', 'status': 'error', 'error': '^', 'response_time': None, 'character_type': None}
2025-02-02 21:03:44,257 - ERROR - [message_tracker.py:112] - Discussion error: 
2025-02-02 21:03:44,257 - DEBUG - [message_tracker.py:209] - Сохранение сообщения: {'timestamp': '2025-02-02 21:03:44', 'profile_id': 'system', 'type': 'error', 'content': '', 'insight_id': '332146', 'status': 'error', 'error': '', 'response_time': None, 'character_type': None}
2025-02-02 21:03:44,273 - ERROR - [message_tracker.py:112] - Discussion error: Error: Cannot find module '../crypto-chat/src/characters/index'
2025-02-02 21:03:44,273 - DEBUG - [message_tracker.py:209] - Сохранение сообщения: {'timestamp': '2025-02-02 21:03:44', 'profile_id': 'system', 'type': 'error', 'content': "Error: Cannot find module '../crypto-chat/src/characters/index'", 'insight_id': '332146', 'status': 'error', 'error': "Error: Cannot find module '../crypto-chat/src/characters/index'", 'response_time': None, 'character_type': None}
2025-02-02 21:03:44,289 - ERROR - [message_tracker.py:112] - Discussion error: Require stack:
2025-02-02 21:03:44,290 - DEBUG - [message_tracker.py:209] - Сохранение сообщения: {'timestamp': '2025-02-02 21:03:44', 'profile_id': 'system', 'type': 'error', 'content': 'Require stack:', 'insight_id': '332146', 'status': 'error', 'error': 'Require stack:', 'response_time': None, 'character_type': None}
2025-02-02 21:03:44,306 - ERROR - [message_tracker.py:112] - Discussion error: - C:\Users\User\Desktop\wwww\towns\profiles.js
2025-02-02 21:03:44,307 - DEBUG - [message_tracker.py:209] - Сохранение сообщения: {'timestamp': '2025-02-02 21:03:44', 'profile_id': 'system', 'type': 'error', 'content': '- C:\\Users\\User\\Desktop\\wwww\\towns\\profiles.js', 'insight_id': '332146', 'status': 'error', 'error': '- C:\\Users\\User\\Desktop\\wwww\\towns\\profiles.js', 'response_time': None, 'character_type': None}
2025-02-02 21:03:44,322 - ERROR - [message_tracker.py:112] - Discussion error: - C:\Users\User\Desktop\wwww\towns\post-insight.js
2025-02-02 21:03:44,323 - DEBUG - [message_tracker.py:209] - Сохранение сообщения: {'timestamp': '2025-02-02 21:03:44', 'profile_id': 'system', 'type': 'error', 'content': '- C:\\Users\\User\\Desktop\\wwww\\towns\\post-insight.js', 'insight_id': '332146', 'status': 'error', 'error': '- C:\\Users\\User\\Desktop\\wwww\\towns\\post-insight.js', 'response_time': None, 'character_type': None}
2025-02-02 21:03:44,338 - ERROR - [message_tracker.py:112] - Discussion error: - C:\Users\User\Desktop\wwww\towns\run-discussion.js
2025-02-02 21:03:44,338 - DEBUG - [message_tracker.py:209] - Сохранение сообщения: {'timestamp': '2025-02-02 21:03:44', 'profile_id': 'system', 'type': 'error', 'content': '- C:\\Users\\User\\Desktop\\wwww\\towns\\run-discussion.js', 'insight_id': '332146', 'status': 'error', 'error': '- C:\\Users\\User\\Desktop\\wwww\\towns\\run-discussion.js', 'response_time': None, 'character_type': None}
2025-02-02 21:03:44,353 - ERROR - [message_tracker.py:112] - Discussion error: at Function._resolveFilename (node:internal/modules/cjs/loader:1239:15)
2025-02-02 21:03:44,354 - DEBUG - [message_tracker.py:209] - Сохранение сообщения: {'timestamp': '2025-02-02 21:03:44', 'profile_id': 'system', 'type': 'error', 'content': 'at Function._resolveFilename (node:internal/modules/cjs/loader:1239:15)', 'insight_id': '332146', 'status': 'error', 'error': 'at Function._resolveFilename (node:internal/modules/cjs/loader:1239:15)', 'response_time': None, 'character_type': None}
2025-02-02 21:03:44,372 - ERROR - [message_tracker.py:112] - Discussion error: at Function._load (node:internal/modules/cjs/loader:1064:27)
2025-02-02 21:03:44,372 - DEBUG - [message_tracker.py:209] - Сохранение сообщения: {'timestamp': '2025-02-02 21:03:44', 'profile_id': 'system', 'type': 'error', 'content': 'at Function._load (node:internal/modules/cjs/loader:1064:27)', 'insight_id': '332146', 'status': 'error', 'error': 'at Function._load (node:internal/modules/cjs/loader:1064:27)', 'response_time': None, 'character_type': None}
2025-02-02 21:03:44,388 - ERROR - [message_tracker.py:112] - Discussion error: at TracingChannel.traceSync (node:diagnostics_channel:322:14)
2025-02-02 21:03:44,389 - DEBUG - [message_tracker.py:209] - Сохранение сообщения: {'timestamp': '2025-02-02 21:03:44', 'profile_id': 'system', 'type': 'error', 'content': 'at TracingChannel.traceSync (node:diagnostics_channel:322:14)', 'insight_id': '332146', 'status': 'error', 'error': 'at TracingChannel.traceSync (node:diagnostics_channel:322:14)', 'response_time': None, 'character_type': None}
2025-02-02 21:03:44,405 - ERROR - [message_tracker.py:112] - Discussion error: at wrapModuleLoad (node:internal/modules/cjs/loader:218:24)
2025-02-02 21:03:44,406 - DEBUG - [message_tracker.py:209] - Сохранение сообщения: {'timestamp': '2025-02-02 21:03:44', 'profile_id': 'system', 'type': 'error', 'content': 'at wrapModuleLoad (node:internal/modules/cjs/loader:218:24)', 'insight_id': '332146', 'status': 'error', 'error': 'at wrapModuleLoad (node:internal/modules/cjs/loader:218:24)', 'response_time': None, 'character_type': None}
2025-02-02 21:03:44,424 - ERROR - [message_tracker.py:112] - Discussion error: at Module.require (node:internal/modules/cjs/loader:1325:12)
2025-02-02 21:03:44,424 - DEBUG - [message_tracker.py:209] - Сохранение сообщения: {'timestamp': '2025-02-02 21:03:44', 'profile_id': 'system', 'type': 'error', 'content': 'at Module.require (node:internal/modules/cjs/loader:1325:12)', 'insight_id': '332146', 'status': 'error', 'error': 'at Module.require (node:internal/modules/cjs/loader:1325:12)', 'response_time': None, 'character_type': None}
2025-02-02 21:03:44,442 - ERROR - [message_tracker.py:112] - Discussion error: at require (node:internal/modules/helpers:136:16)
2025-02-02 21:03:44,443 - DEBUG - [message_tracker.py:209] - Сохранение сообщения: {'timestamp': '2025-02-02 21:03:44', 'profile_id': 'system', 'type': 'error', 'content': 'at require (node:internal/modules/helpers:136:16)', 'insight_id': '332146', 'status': 'error', 'error': 'at require (node:internal/modules/helpers:136:16)', 'response_time': None, 'character_type': None}
2025-02-02 21:03:44,460 - ERROR - [message_tracker.py:112] - Discussion error: at Object.<anonymous> (C:\Users\User\Desktop\wwww\towns\profiles.js:16:5)
2025-02-02 21:03:44,460 - DEBUG - [message_tracker.py:209] - Сохранение сообщения: {'timestamp': '2025-02-02 21:03:44', 'profile_id': 'system', 'type': 'error', 'content': 'at Object.<anonymous> (C:\\Users\\User\\Desktop\\wwww\\towns\\profiles.js:16:5)', 'insight_id': '332146', 'status': 'error', 'error': 'at Object.<anonymous> (C:\\Users\\User\\Desktop\\wwww\\towns\\profiles.js:16:5)', 'response_time': None, 'character_type': None}
2025-02-02 21:03:44,478 - ERROR - [message_tracker.py:112] - Discussion error: at Module._compile (node:internal/modules/cjs/loader:1546:14)
2025-02-02 21:03:44,478 - DEBUG - [message_tracker.py:209] - Сохранение сообщения: {'timestamp': '2025-02-02 21:03:44', 'profile_id': 'system', 'type': 'error', 'content': 'at Module._compile (node:internal/modules/cjs/loader:1546:14)', 'insight_id': '332146', 'status': 'error', 'error': 'at Module._compile (node:internal/modules/cjs/loader:1546:14)', 'response_time': None, 'character_type': None}
2025-02-02 21:03:44,495 - ERROR - [message_tracker.py:112] - Discussion error: at Object..js (node:internal/modules/cjs/loader:1698:10)
2025-02-02 21:03:44,496 - DEBUG - [message_tracker.py:209] - Сохранение сообщения: {'timestamp': '2025-02-02 21:03:44', 'profile_id': 'system', 'type': 'error', 'content': 'at Object..js (node:internal/modules/cjs/loader:1698:10)', 'insight_id': '332146', 'status': 'error', 'error': 'at Object..js (node:internal/modules/cjs/loader:1698:10)', 'response_time': None, 'character_type': None}
2025-02-02 21:03:44,513 - ERROR - [message_tracker.py:112] - Discussion error: at Module.load (node:internal/modules/cjs/loader:1303:32) {
2025-02-02 21:03:44,513 - DEBUG - [message_tracker.py:209] - Сохранение сообщения: {'timestamp': '2025-02-02 21:03:44', 'profile_id': 'system', 'type': 'error', 'content': 'at Module.load (node:internal/modules/cjs/loader:1303:32) {', 'insight_id': '332146', 'status': 'error', 'error': 'at Module.load (node:internal/modules/cjs/loader:1303:32) {', 'response_time': None, 'character_type': None}
2025-02-02 21:03:44,532 - ERROR - [message_tracker.py:112] - Discussion error: code: 'MODULE_NOT_FOUND',
2025-02-02 21:03:44,532 - DEBUG - [message_tracker.py:209] - Сохранение сообщения: {'timestamp': '2025-02-02 21:03:44', 'profile_id': 'system', 'type': 'error', 'content': "code: 'MODULE_NOT_FOUND',", 'insight_id': '332146', 'status': 'error', 'error': "code: 'MODULE_NOT_FOUND',", 'response_time': None, 'character_type': None}
2025-02-02 21:03:44,551 - ERROR - [message_tracker.py:112] - Discussion error: requireStack: [
2025-02-02 21:03:44,552 - DEBUG - [message_tracker.py:209] - Сохранение сообщения: {'timestamp': '2025-02-02 21:03:44', 'profile_id': 'system', 'type': 'error', 'content': 'requireStack: [', 'insight_id': '332146', 'status': 'error', 'error': 'requireStack: [', 'response_time': None, 'character_type': None}
2025-02-02 21:03:44,568 - ERROR - [message_tracker.py:112] - Discussion error: 'C:\\Users\\User\\Desktop\\wwww\\towns\\profiles.js',
2025-02-02 21:03:44,569 - DEBUG - [message_tracker.py:209] - Сохранение сообщения: {'timestamp': '2025-02-02 21:03:44', 'profile_id': 'system', 'type': 'error', 'content': "'C:\\\\Users\\\\User\\\\Desktop\\\\wwww\\\\towns\\\\profiles.js',", 'insight_id': '332146', 'status': 'error', 'error': "'C:\\\\Users\\\\User\\\\Desktop\\\\wwww\\\\towns\\\\profiles.js',", 'response_time': None, 'character_type': None}
2025-02-02 21:03:44,586 - ERROR - [message_tracker.py:112] - Discussion error: 'C:\\Users\\User\\Desktop\\wwww\\towns\\post-insight.js',
2025-02-02 21:03:44,586 - DEBUG - [message_tracker.py:209] - Сохранение сообщения: {'timestamp': '2025-02-02 21:03:44', 'profile_id': 'system', 'type': 'error', 'content': "'C:\\\\Users\\\\User\\\\Desktop\\\\wwww\\\\towns\\\\post-insight.js',", 'insight_id': '332146', 'status': 'error', 'error': "'C:\\\\Users\\\\User\\\\Desktop\\\\wwww\\\\towns\\\\post-insight.js',", 'response_time': None, 'character_type': None}
2025-02-02 21:03:44,603 - ERROR - [message_tracker.py:112] - Discussion error: 'C:\\Users\\User\\Desktop\\wwww\\towns\\run-discussion.js'
2025-02-02 21:03:44,603 - DEBUG - [message_tracker.py:209] - Сохранение сообщения: {'timestamp': '2025-02-02 21:03:44', 'profile_id': 'system', 'type': 'error', 'content': "'C:\\\\Users\\\\User\\\\Desktop\\\\wwww\\\\towns\\\\run-discussion.js'", 'insight_id': '332146', 'status': 'error', 'error': "'C:\\\\Users\\\\User\\\\Desktop\\\\wwww\\\\towns\\\\run-discussion.js'", 'response_time': None, 'character_type': None}
2025-02-02 21:03:44,619 - ERROR - [message_tracker.py:112] - Discussion error: ]
2025-02-02 21:03:44,619 - DEBUG - [message_tracker.py:209] - Сохранение сообщения: {'timestamp': '2025-02-02 21:03:44', 'profile_id': 'system', 'type': 'error', 'content': ']', 'insight_id': '332146', 'status': 'error', 'error': ']', 'response_time': None, 'character_type': None}
2025-02-02 21:03:44,636 - ERROR - [message_tracker.py:112] - Discussion error: }
2025-02-02 21:03:44,636 - DEBUG - [message_tracker.py:209] - Сохранение сообщения: {'timestamp': '2025-02-02 21:03:44', 'profile_id': 'system', 'type': 'error', 'content': '}', 'insight_id': '332146', 'status': 'error', 'error': '}', 'response_time': None, 'character_type': None}
2025-02-02 21:03:44,652 - ERROR - [message_tracker.py:112] - Discussion error: 
2025-02-02 21:03:44,653 - DEBUG - [message_tracker.py:209] - Сохранение сообщения: {'timestamp': '2025-02-02 21:03:44', 'profile_id': 'system', 'type': 'error', 'content': '', 'insight_id': '332146', 'status': 'error', 'error': '', 'response_time': None, 'character_type': None}
2025-02-02 21:03:44,670 - ERROR - [message_tracker.py:112] - Discussion error: Node.js v23.3.0
2025-02-02 21:03:44,670 - DEBUG - [message_tracker.py:209] - Сохранение сообщения: {'timestamp': '2025-02-02 21:03:44', 'profile_id': 'system', 'type': 'error', 'content': 'Node.js v23.3.0', 'insight_id': '332146', 'status': 'error', 'error': 'Node.js v23.3.0', 'response_time': None, 'character_type': None}
2025-02-02 21:03:44,688 - INFO - [message_tracker.py:124] - Обсуждение завершено за 0.903806 секунд с кодом 1
2025-02-02 21:03:44,688 - ERROR - [message_tracker.py:239] - Ошибка при выполнении обсуждения
2025-02-02 21:05:52,739 - INFO - [message_tracker.py:48] - Инициализация MessageTracker
2025-02-02 21:05:52,739 - DEBUG - [message_tracker.py:55] - Base directory: C:\Users\User\Desktop\wwww
2025-02-02 21:05:52,740 - DEBUG - [message_tracker.py:56] - Insights directory: C:\Users\User\Desktop\wwww\crypto-chat\data\alpha_insights
2025-02-02 21:05:52,740 - DEBUG - [message_tracker.py:57] - Profiles file: C:\Users\User\Desktop\wwww\towns\profiles.json
2025-02-02 21:05:52,740 - DEBUG - [message_tracker.py:58] - Messages file: C:\Users\User\Desktop\wwww\towns\messages.csv
2025-02-02 21:05:52,740 - INFO - [message_tracker.py:234] - Начало обработки инсайта 331810
2025-02-02 21:05:52,741 - INFO - [message_tracker.py:85] - Запуск обсуждения для инсайта 331810
2025-02-02 21:05:52,741 - DEBUG - [message_tracker.py:90] - Путь к скрипту: C:\Users\User\Desktop\wwww\towns\run-discussion.js
2025-02-02 21:05:53,171 - ERROR - [message_tracker.py:112] - Discussion error: node:internal/modules/cjs/loader:1242
2025-02-02 21:05:53,171 - DEBUG - [message_tracker.py:209] - Сохранение сообщения: {'timestamp': '2025-02-02 21:05:53', 'profile_id': 'system', 'type': 'error', 'content': 'node:internal/modules/cjs/loader:1242', 'insight_id': '331810', 'status': 'error', 'error': 'node:internal/modules/cjs/loader:1242', 'response_time': None, 'character_type': None}
2025-02-02 21:05:53,181 - ERROR - [message_tracker.py:112] - Discussion error: throw err;
2025-02-02 21:05:53,181 - DEBUG - [message_tracker.py:209] - Сохранение сообщения: {'timestamp': '2025-02-02 21:05:53', 'profile_id': 'system', 'type': 'error', 'content': 'throw err;', 'insight_id': '331810', 'status': 'error', 'error': 'throw err;', 'response_time': None, 'character_type': None}
2025-02-02 21:05:53,197 - ERROR - [message_tracker.py:112] - Discussion error: ^
2025-02-02 21:05:53,197 - DEBUG - [message_tracker.py:209] - Сохранение сообщения: {'timestamp': '2025-02-02 21:05:53', 'profile_id': 'system', 'type': 'error', 'content': '^', 'insight_id': '331810', 'status': 'error', 'error': '^', 'response_time': None, 'character_type': None}
2025-02-02 21:05:53,212 - ERROR - [message_tracker.py:112] - Discussion error: 
2025-02-02 21:05:53,212 - DEBUG - [message_tracker.py:209] - Сохранение сообщения: {'timestamp': '2025-02-02 21:05:53', 'profile_id': 'system', 'type': 'error', 'content': '', 'insight_id': '331810', 'status': 'error', 'error': '', 'response_time': None, 'character_type': None}
2025-02-02 21:05:53,228 - ERROR - [message_tracker.py:112] - Discussion error: Error: Cannot find module '../crypto-chat/src/characters/index'
2025-02-02 21:05:53,228 - DEBUG - [message_tracker.py:209] - Сохранение сообщения: {'timestamp': '2025-02-02 21:05:53', 'profile_id': 'system', 'type': 'error', 'content': "Error: Cannot find module '../crypto-chat/src/characters/index'", 'insight_id': '331810', 'status': 'error', 'error': "Error: Cannot find module '../crypto-chat/src/characters/index'", 'response_time': None, 'character_type': None}
2025-02-02 21:05:53,243 - ERROR - [message_tracker.py:112] - Discussion error: Require stack:
2025-02-02 21:05:53,244 - DEBUG - [message_tracker.py:209] - Сохранение сообщения: {'timestamp': '2025-02-02 21:05:53', 'profile_id': 'system', 'type': 'error', 'content': 'Require stack:', 'insight_id': '331810', 'status': 'error', 'error': 'Require stack:', 'response_time': None, 'character_type': None}
2025-02-02 21:05:53,259 - ERROR - [message_tracker.py:112] - Discussion error: - C:\Users\User\Desktop\wwww\towns\profiles.js
2025-02-02 21:05:53,260 - DEBUG - [message_tracker.py:209] - Сохранение сообщения: {'timestamp': '2025-02-02 21:05:53', 'profile_id': 'system', 'type': 'error', 'content': '- C:\\Users\\User\\Desktop\\wwww\\towns\\profiles.js', 'insight_id': '331810', 'status': 'error', 'error': '- C:\\Users\\User\\Desktop\\wwww\\towns\\profiles.js', 'response_time': None, 'character_type': None}
2025-02-02 21:05:53,275 - ERROR - [message_tracker.py:112] - Discussion error: - C:\Users\User\Desktop\wwww\towns\post-insight.js
2025-02-02 21:05:53,276 - DEBUG - [message_tracker.py:209] - Сохранение сообщения: {'timestamp': '2025-02-02 21:05:53', 'profile_id': 'system', 'type': 'error', 'content': '- C:\\Users\\User\\Desktop\\wwww\\towns\\post-insight.js', 'insight_id': '331810', 'status': 'error', 'error': '- C:\\Users\\User\\Desktop\\wwww\\towns\\post-insight.js', 'response_time': None, 'character_type': None}
2025-02-02 21:05:53,292 - ERROR - [message_tracker.py:112] - Discussion error: - C:\Users\User\Desktop\wwww\towns\run-discussion.js
2025-02-02 21:05:53,292 - DEBUG - [message_tracker.py:209] - Сохранение сообщения: {'timestamp': '2025-02-02 21:05:53', 'profile_id': 'system', 'type': 'error', 'content': '- C:\\Users\\User\\Desktop\\wwww\\towns\\run-discussion.js', 'insight_id': '331810', 'status': 'error', 'error': '- C:\\Users\\User\\Desktop\\wwww\\towns\\run-discussion.js', 'response_time': None, 'character_type': None}
2025-02-02 21:05:53,308 - ERROR - [message_tracker.py:112] - Discussion error: at Function._resolveFilename (node:internal/modules/cjs/loader:1239:15)
2025-02-02 21:05:53,308 - DEBUG - [message_tracker.py:209] - Сохранение сообщения: {'timestamp': '2025-02-02 21:05:53', 'profile_id': 'system', 'type': 'error', 'content': 'at Function._resolveFilename (node:internal/modules/cjs/loader:1239:15)', 'insight_id': '331810', 'status': 'error', 'error': 'at Function._resolveFilename (node:internal/modules/cjs/loader:1239:15)', 'response_time': None, 'character_type': None}
2025-02-02 21:05:53,325 - ERROR - [message_tracker.py:112] - Discussion error: at Function._load (node:internal/modules/cjs/loader:1064:27)
2025-02-02 21:05:53,325 - DEBUG - [message_tracker.py:209] - Сохранение сообщения: {'timestamp': '2025-02-02 21:05:53', 'profile_id': 'system', 'type': 'error', 'content': 'at Function._load (node:internal/modules/cjs/loader:1064:27)', 'insight_id': '331810', 'status': 'error', 'error': 'at Function._load (node:internal/modules/cjs/loader:1064:27)', 'response_time': None, 'character_type': None}
2025-02-02 21:05:53,342 - ERROR - [message_tracker.py:112] - Discussion error: at TracingChannel.traceSync (node:diagnostics_channel:322:14)
2025-02-02 21:05:53,342 - DEBUG - [message_tracker.py:209] - Сохранение сообщения: {'timestamp': '2025-02-02 21:05:53', 'profile_id': 'system', 'type': 'error', 'content': 'at TracingChannel.traceSync (node:diagnostics_channel:322:14)', 'insight_id': '331810', 'status': 'error', 'error': 'at TracingChannel.traceSync (node:diagnostics_channel:322:14)', 'response_time': None, 'character_type': None}
2025-02-02 21:05:53,360 - ERROR - [message_tracker.py:112] - Discussion error: at wrapModuleLoad (node:internal/modules/cjs/loader:218:24)
2025-02-02 21:05:53,360 - DEBUG - [message_tracker.py:209] - Сохранение сообщения: {'timestamp': '2025-02-02 21:05:53', 'profile_id': 'system', 'type': 'error', 'content': 'at wrapModuleLoad (node:internal/modules/cjs/loader:218:24)', 'insight_id': '331810', 'status': 'error', 'error': 'at wrapModuleLoad (node:internal/modules/cjs/loader:218:24)', 'response_time': None, 'character_type': None}
2025-02-02 21:05:53,380 - ERROR - [message_tracker.py:112] - Discussion error: at Module.require (node:internal/modules/cjs/loader:1325:12)
2025-02-02 21:05:53,381 - DEBUG - [message_tracker.py:209] - Сохранение сообщения: {'timestamp': '2025-02-02 21:05:53', 'profile_id': 'system', 'type': 'error', 'content': 'at Module.require (node:internal/modules/cjs/loader:1325:12)', 'insight_id': '331810', 'status': 'error', 'error': 'at Module.require (node:internal/modules/cjs/loader:1325:12)', 'response_time': None, 'character_type': None}
2025-02-02 21:05:53,399 - ERROR - [message_tracker.py:112] - Discussion error: at require (node:internal/modules/helpers:136:16)
2025-02-02 21:05:53,399 - DEBUG - [message_tracker.py:209] - Сохранение сообщения: {'timestamp': '2025-02-02 21:05:53', 'profile_id': 'system', 'type': 'error', 'content': 'at require (node:internal/modules/helpers:136:16)', 'insight_id': '331810', 'status': 'error', 'error': 'at require (node:internal/modules/helpers:136:16)', 'response_time': None, 'character_type': None}
2025-02-02 21:05:53,414 - ERROR - [message_tracker.py:112] - Discussion error: at Object.<anonymous> (C:\Users\User\Desktop\wwww\towns\profiles.js:16:5)
2025-02-02 21:05:53,415 - DEBUG - [message_tracker.py:209] - Сохранение сообщения: {'timestamp': '2025-02-02 21:05:53', 'profile_id': 'system', 'type': 'error', 'content': 'at Object.<anonymous> (C:\\Users\\User\\Desktop\\wwww\\towns\\profiles.js:16:5)', 'insight_id': '331810', 'status': 'error', 'error': 'at Object.<anonymous> (C:\\Users\\User\\Desktop\\wwww\\towns\\profiles.js:16:5)', 'response_time': None, 'character_type': None}
2025-02-02 21:05:53,431 - ERROR - [message_tracker.py:112] - Discussion error: at Module._compile (node:internal/modules/cjs/loader:1546:14)
2025-02-02 21:05:53,432 - DEBUG - [message_tracker.py:209] - Сохранение сообщения: {'timestamp': '2025-02-02 21:05:53', 'profile_id': 'system', 'type': 'error', 'content': 'at Module._compile (node:internal/modules/cjs/loader:1546:14)', 'insight_id': '331810', 'status': 'error', 'error': 'at Module._compile (node:internal/modules/cjs/loader:1546:14)', 'response_time': None, 'character_type': None}
2025-02-02 21:05:53,450 - ERROR - [message_tracker.py:112] - Discussion error: at Object..js (node:internal/modules/cjs/loader:1698:10)
2025-02-02 21:05:53,451 - DEBUG - [message_tracker.py:209] - Сохранение сообщения: {'timestamp': '2025-02-02 21:05:53', 'profile_id': 'system', 'type': 'error', 'content': 'at Object..js (node:internal/modules/cjs/loader:1698:10)', 'insight_id': '331810', 'status': 'error', 'error': 'at Object..js (node:internal/modules/cjs/loader:1698:10)', 'response_time': None, 'character_type': None}
2025-02-02 21:05:53,469 - ERROR - [message_tracker.py:112] - Discussion error: at Module.load (node:internal/modules/cjs/loader:1303:32) {
2025-02-02 21:05:53,469 - DEBUG - [message_tracker.py:209] - Сохранение сообщения: {'timestamp': '2025-02-02 21:05:53', 'profile_id': 'system', 'type': 'error', 'content': 'at Module.load (node:internal/modules/cjs/loader:1303:32) {', 'insight_id': '331810', 'status': 'error', 'error': 'at Module.load (node:internal/modules/cjs/loader:1303:32) {', 'response_time': None, 'character_type': None}
2025-02-02 21:05:53,486 - ERROR - [message_tracker.py:112] - Discussion error: code: 'MODULE_NOT_FOUND',
2025-02-02 21:05:53,487 - DEBUG - [message_tracker.py:209] - Сохранение сообщения: {'timestamp': '2025-02-02 21:05:53', 'profile_id': 'system', 'type': 'error', 'content': "code: 'MODULE_NOT_FOUND',", 'insight_id': '331810', 'status': 'error', 'error': "code: 'MODULE_NOT_FOUND',", 'response_time': None, 'character_type': None}
2025-02-02 21:05:53,505 - ERROR - [message_tracker.py:112] - Discussion error: requireStack: [
2025-02-02 21:05:53,505 - DEBUG - [message_tracker.py:209] - Сохранение сообщения: {'timestamp': '2025-02-02 21:05:53', 'profile_id': 'system', 'type': 'error', 'content': 'requireStack: [', 'insight_id': '331810', 'status': 'error', 'error': 'requireStack: [', 'response_time': None, 'character_type': None}
2025-02-02 21:05:53,521 - ERROR - [message_tracker.py:112] - Discussion error: 'C:\\Users\\User\\Desktop\\wwww\\towns\\profiles.js',
2025-02-02 21:05:53,522 - DEBUG - [message_tracker.py:209] - Сохранение сообщения: {'timestamp': '2025-02-02 21:05:53', 'profile_id': 'system', 'type': 'error', 'content': "'C:\\\\Users\\\\User\\\\Desktop\\\\wwww\\\\towns\\\\profiles.js',", 'insight_id': '331810', 'status': 'error', 'error': "'C:\\\\Users\\\\User\\\\Desktop\\\\wwww\\\\towns\\\\profiles.js',", 'response_time': None, 'character_type': None}
2025-02-02 21:05:53,538 - ERROR - [message_tracker.py:112] - Discussion error: 'C:\\Users\\User\\Desktop\\wwww\\towns\\post-insight.js',
2025-02-02 21:05:53,538 - DEBUG - [message_tracker.py:209] - Сохранение сообщения: {'timestamp': '2025-02-02 21:05:53', 'profile_id': 'system', 'type': 'error', 'content': "'C:\\\\Users\\\\User\\\\Desktop\\\\wwww\\\\towns\\\\post-insight.js',", 'insight_id': '331810', 'status': 'error', 'error': "'C:\\\\Users\\\\User\\\\Desktop\\\\wwww\\\\towns\\\\post-insight.js',", 'response_time': None, 'character_type': None}
2025-02-02 21:05:53,554 - ERROR - [message_tracker.py:112] - Discussion error: 'C:\\Users\\User\\Desktop\\wwww\\towns\\run-discussion.js'
2025-02-02 21:05:53,554 - DEBUG - [message_tracker.py:209] - Сохранение сообщения: {'timestamp': '2025-02-02 21:05:53', 'profile_id': 'system', 'type': 'error', 'content': "'C:\\\\Users\\\\User\\\\Desktop\\\\wwww\\\\towns\\\\run-discussion.js'", 'insight_id': '331810', 'status': 'error', 'error': "'C:\\\\Users\\\\User\\\\Desktop\\\\wwww\\\\towns\\\\run-discussion.js'", 'response_time': None, 'character_type': None}
2025-02-02 21:05:53,569 - ERROR - [message_tracker.py:112] - Discussion error: ]
2025-02-02 21:05:53,570 - DEBUG - [message_tracker.py:209] - Сохранение сообщения: {'timestamp': '2025-02-02 21:05:53', 'profile_id': 'system', 'type': 'error', 'content': ']', 'insight_id': '331810', 'status': 'error', 'error': ']', 'response_time': None, 'character_type': None}
2025-02-02 21:05:53,585 - ERROR - [message_tracker.py:112] - Discussion error: }
2025-02-02 21:05:53,586 - DEBUG - [message_tracker.py:209] - Сохранение сообщения: {'timestamp': '2025-02-02 21:05:53', 'profile_id': 'system', 'type': 'error', 'content': '}', 'insight_id': '331810', 'status': 'error', 'error': '}', 'response_time': None, 'character_type': None}
2025-02-02 21:05:53,602 - ERROR - [message_tracker.py:112] - Discussion error: 
2025-02-02 21:05:53,603 - DEBUG - [message_tracker.py:209] - Сохранение сообщения: {'timestamp': '2025-02-02 21:05:53', 'profile_id': 'system', 'type': 'error', 'content': '', 'insight_id': '331810', 'status': 'error', 'error': '', 'response_time': None, 'character_type': None}
2025-02-02 21:05:53,619 - ERROR - [message_tracker.py:112] - Discussion error: Node.js v23.3.0
2025-02-02 21:05:53,620 - DEBUG - [message_tracker.py:209] - Сохранение сообщения: {'timestamp': '2025-02-02 21:05:53', 'profile_id': 'system', 'type': 'error', 'content': 'Node.js v23.3.0', 'insight_id': '331810', 'status': 'error', 'error': 'Node.js v23.3.0', 'response_time': None, 'character_type': None}
2025-02-02 21:05:53,635 - INFO - [message_tracker.py:124] - Обсуждение завершено за 0.893998 секунд с кодом 1
2025-02-02 21:05:53,635 - ERROR - [message_tracker.py:239] - Ошибка при выполнении обсуждения
2025-02-02 21:05:59,357 - INFO - [message_tracker.py:48] - Инициализация MessageTracker
2025-02-02 21:05:59,358 - DEBUG - [message_tracker.py:55] - Base directory: C:\Users\User\Desktop\wwww
2025-02-02 21:05:59,358 - DEBUG - [message_tracker.py:56] - Insights directory: C:\Users\User\Desktop\wwww\crypto-chat\data\alpha_insights
2025-02-02 21:05:59,358 - DEBUG - [message_tracker.py:57] - Profiles file: C:\Users\User\Desktop\wwww\towns\profiles.json
2025-02-02 21:05:59,359 - DEBUG - [message_tracker.py:58] - Messages file: C:\Users\User\Desktop\wwww\towns\messages.csv
2025-02-02 21:05:59,359 - INFO - [message_tracker.py:234] - Начало обработки инсайта 332145
2025-02-02 21:05:59,359 - INFO - [message_tracker.py:85] - Запуск обсуждения для инсайта 332145
2025-02-02 21:05:59,360 - DEBUG - [message_tracker.py:90] - Путь к скрипту: C:\Users\User\Desktop\wwww\towns\run-discussion.js
2025-02-02 21:05:59,768 - ERROR - [message_tracker.py:112] - Discussion error: node:internal/modules/cjs/loader:1242
2025-02-02 21:05:59,769 - DEBUG - [message_tracker.py:209] - Сохранение сообщения: {'timestamp': '2025-02-02 21:05:59', 'profile_id': 'system', 'type': 'error', 'content': 'node:internal/modules/cjs/loader:1242', 'insight_id': '332145', 'status': 'error', 'error': 'node:internal/modules/cjs/loader:1242', 'response_time': None, 'character_type': None}
2025-02-02 21:05:59,788 - ERROR - [message_tracker.py:112] - Discussion error: throw err;
2025-02-02 21:05:59,789 - DEBUG - [message_tracker.py:209] - Сохранение сообщения: {'timestamp': '2025-02-02 21:05:59', 'profile_id': 'system', 'type': 'error', 'content': 'throw err;', 'insight_id': '332145', 'status': 'error', 'error': 'throw err;', 'response_time': None, 'character_type': None}
2025-02-02 21:05:59,805 - ERROR - [message_tracker.py:112] - Discussion error: ^
2025-02-02 21:05:59,806 - DEBUG - [message_tracker.py:209] - Сохранение сообщения: {'timestamp': '2025-02-02 21:05:59', 'profile_id': 'system', 'type': 'error', 'content': '^', 'insight_id': '332145', 'status': 'error', 'error': '^', 'response_time': None, 'character_type': None}
2025-02-02 21:05:59,821 - ERROR - [message_tracker.py:112] - Discussion error: 
2025-02-02 21:05:59,822 - DEBUG - [message_tracker.py:209] - Сохранение сообщения: {'timestamp': '2025-02-02 21:05:59', 'profile_id': 'system', 'type': 'error', 'content': '', 'insight_id': '332145', 'status': 'error', 'error': '', 'response_time': None, 'character_type': None}
2025-02-02 21:05:59,838 - ERROR - [message_tracker.py:112] - Discussion error: Error: Cannot find module '../crypto-chat/src/characters/index'
2025-02-02 21:05:59,838 - DEBUG - [message_tracker.py:209] - Сохранение сообщения: {'timestamp': '2025-02-02 21:05:59', 'profile_id': 'system', 'type': 'error', 'content': "Error: Cannot find module '../crypto-chat/src/characters/index'", 'insight_id': '332145', 'status': 'error', 'error': "Error: Cannot find module '../crypto-chat/src/characters/index'", 'response_time': None, 'character_type': None}
2025-02-02 21:05:59,856 - ERROR - [message_tracker.py:112] - Discussion error: Require stack:
2025-02-02 21:05:59,856 - DEBUG - [message_tracker.py:209] - Сохранение сообщения: {'timestamp': '2025-02-02 21:05:59', 'profile_id': 'system', 'type': 'error', 'content': 'Require stack:', 'insight_id': '332145', 'status': 'error', 'error': 'Require stack:', 'response_time': None, 'character_type': None}
2025-02-02 21:05:59,874 - ERROR - [message_tracker.py:112] - Discussion error: - C:\Users\User\Desktop\wwww\towns\profiles.js
2025-02-02 21:05:59,875 - DEBUG - [message_tracker.py:209] - Сохранение сообщения: {'timestamp': '2025-02-02 21:05:59', 'profile_id': 'system', 'type': 'error', 'content': '- C:\\Users\\User\\Desktop\\wwww\\towns\\profiles.js', 'insight_id': '332145', 'status': 'error', 'error': '- C:\\Users\\User\\Desktop\\wwww\\towns\\profiles.js', 'response_time': None, 'character_type': None}
2025-02-02 21:05:59,891 - ERROR - [message_tracker.py:112] - Discussion error: - C:\Users\User\Desktop\wwww\towns\post-insight.js
2025-02-02 21:05:59,891 - DEBUG - [message_tracker.py:209] - Сохранение сообщения: {'timestamp': '2025-02-02 21:05:59', 'profile_id': 'system', 'type': 'error', 'content': '- C:\\Users\\User\\Desktop\\wwww\\towns\\post-insight.js', 'insight_id': '332145', 'status': 'error', 'error': '- C:\\Users\\User\\Desktop\\wwww\\towns\\post-insight.js', 'response_time': None, 'character_type': None}
2025-02-02 21:05:59,908 - ERROR - [message_tracker.py:112] - Discussion error: - C:\Users\User\Desktop\wwww\towns\run-discussion.js
2025-02-02 21:05:59,909 - DEBUG - [message_tracker.py:209] - Сохранение сообщения: {'timestamp': '2025-02-02 21:05:59', 'profile_id': 'system', 'type': 'error', 'content': '- C:\\Users\\User\\Desktop\\wwww\\towns\\run-discussion.js', 'insight_id': '332145', 'status': 'error', 'error': '- C:\\Users\\User\\Desktop\\wwww\\towns\\run-discussion.js', 'response_time': None, 'character_type': None}
2025-02-02 21:05:59,924 - ERROR - [message_tracker.py:112] - Discussion error: at Function._resolveFilename (node:internal/modules/cjs/loader:1239:15)
2025-02-02 21:05:59,925 - DEBUG - [message_tracker.py:209] - Сохранение сообщения: {'timestamp': '2025-02-02 21:05:59', 'profile_id': 'system', 'type': 'error', 'content': 'at Function._resolveFilename (node:internal/modules/cjs/loader:1239:15)', 'insight_id': '332145', 'status': 'error', 'error': 'at Function._resolveFilename (node:internal/modules/cjs/loader:1239:15)', 'response_time': None, 'character_type': None}
2025-02-02 21:05:59,941 - ERROR - [message_tracker.py:112] - Discussion error: at Function._load (node:internal/modules/cjs/loader:1064:27)
2025-02-02 21:05:59,942 - DEBUG - [message_tracker.py:209] - Сохранение сообщения: {'timestamp': '2025-02-02 21:05:59', 'profile_id': 'system', 'type': 'error', 'content': 'at Function._load (node:internal/modules/cjs/loader:1064:27)', 'insight_id': '332145', 'status': 'error', 'error': 'at Function._load (node:internal/modules/cjs/loader:1064:27)', 'response_time': None, 'character_type': None}
2025-02-02 21:05:59,959 - ERROR - [message_tracker.py:112] - Discussion error: at TracingChannel.traceSync (node:diagnostics_channel:322:14)
2025-02-02 21:05:59,960 - DEBUG - [message_tracker.py:209] - Сохранение сообщения: {'timestamp': '2025-02-02 21:05:59', 'profile_id': 'system', 'type': 'error', 'content': 'at TracingChannel.traceSync (node:diagnostics_channel:322:14)', 'insight_id': '332145', 'status': 'error', 'error': 'at TracingChannel.traceSync (node:diagnostics_channel:322:14)', 'response_time': None, 'character_type': None}
2025-02-02 21:05:59,978 - ERROR - [message_tracker.py:112] - Discussion error: at wrapModuleLoad (node:internal/modules/cjs/loader:218:24)
2025-02-02 21:05:59,979 - DEBUG - [message_tracker.py:209] - Сохранение сообщения: {'timestamp': '2025-02-02 21:05:59', 'profile_id': 'system', 'type': 'error', 'content': 'at wrapModuleLoad (node:internal/modules/cjs/loader:218:24)', 'insight_id': '332145', 'status': 'error', 'error': 'at wrapModuleLoad (node:internal/modules/cjs/loader:218:24)', 'response_time': None, 'character_type': None}
2025-02-02 21:05:59,996 - ERROR - [message_tracker.py:112] - Discussion error: at Module.require (node:internal/modules/cjs/loader:1325:12)
2025-02-02 21:05:59,997 - DEBUG - [message_tracker.py:209] - Сохранение сообщения: {'timestamp': '2025-02-02 21:05:59', 'profile_id': 'system', 'type': 'error', 'content': 'at Module.require (node:internal/modules/cjs/loader:1325:12)', 'insight_id': '332145', 'status': 'error', 'error': 'at Module.require (node:internal/modules/cjs/loader:1325:12)', 'response_time': None, 'character_type': None}
2025-02-02 21:06:00,016 - ERROR - [message_tracker.py:112] - Discussion error: at require (node:internal/modules/helpers:136:16)
2025-02-02 21:06:00,016 - DEBUG - [message_tracker.py:209] - Сохранение сообщения: {'timestamp': '2025-02-02 21:06:00', 'profile_id': 'system', 'type': 'error', 'content': 'at require (node:internal/modules/helpers:136:16)', 'insight_id': '332145', 'status': 'error', 'error': 'at require (node:internal/modules/helpers:136:16)', 'response_time': None, 'character_type': None}
2025-02-02 21:06:00,033 - ERROR - [message_tracker.py:112] - Discussion error: at Object.<anonymous> (C:\Users\User\Desktop\wwww\towns\profiles.js:16:5)
2025-02-02 21:06:00,033 - DEBUG - [message_tracker.py:209] - Сохранение сообщения: {'timestamp': '2025-02-02 21:06:00', 'profile_id': 'system', 'type': 'error', 'content': 'at Object.<anonymous> (C:\\Users\\User\\Desktop\\wwww\\towns\\profiles.js:16:5)', 'insight_id': '332145', 'status': 'error', 'error': 'at Object.<anonymous> (C:\\Users\\User\\Desktop\\wwww\\towns\\profiles.js:16:5)', 'response_time': None, 'character_type': None}
2025-02-02 21:06:00,050 - ERROR - [message_tracker.py:112] - Discussion error: at Module._compile (node:internal/modules/cjs/loader:1546:14)
2025-02-02 21:06:00,051 - DEBUG - [message_tracker.py:209] - Сохранение сообщения: {'timestamp': '2025-02-02 21:06:00', 'profile_id': 'system', 'type': 'error', 'content': 'at Module._compile (node:internal/modules/cjs/loader:1546:14)', 'insight_id': '332145', 'status': 'error', 'error': 'at Module._compile (node:internal/modules/cjs/loader:1546:14)', 'response_time': None, 'character_type': None}
2025-02-02 21:06:00,068 - ERROR - [message_tracker.py:112] - Discussion error: at Object..js (node:internal/modules/cjs/loader:1698:10)
2025-02-02 21:06:00,069 - DEBUG - [message_tracker.py:209] - Сохранение сообщения: {'timestamp': '2025-02-02 21:06:00', 'profile_id': 'system', 'type': 'error', 'content': 'at Object..js (node:internal/modules/cjs/loader:1698:10)', 'insight_id': '332145', 'status': 'error', 'error': 'at Object..js (node:internal/modules/cjs/loader:1698:10)', 'response_time': None, 'character_type': None}
2025-02-02 21:06:00,088 - ERROR - [message_tracker.py:112] - Discussion error: at Module.load (node:internal/modules/cjs/loader:1303:32) {
2025-02-02 21:06:00,088 - DEBUG - [message_tracker.py:209] - Сохранение сообщения: {'timestamp': '2025-02-02 21:06:00', 'profile_id': 'system', 'type': 'error', 'content': 'at Module.load (node:internal/modules/cjs/loader:1303:32) {', 'insight_id': '332145', 'status': 'error', 'error': 'at Module.load (node:internal/modules/cjs/loader:1303:32) {', 'response_time': None, 'character_type': None}
2025-02-02 21:06:00,107 - ERROR - [message_tracker.py:112] - Discussion error: code: 'MODULE_NOT_FOUND',
2025-02-02 21:06:00,107 - DEBUG - [message_tracker.py:209] - Сохранение сообщения: {'timestamp': '2025-02-02 21:06:00', 'profile_id': 'system', 'type': 'error', 'content': "code: 'MODULE_NOT_FOUND',", 'insight_id': '332145', 'status': 'error', 'error': "code: 'MODULE_NOT_FOUND',", 'response_time': None, 'character_type': None}
2025-02-02 21:06:00,124 - ERROR - [message_tracker.py:112] - Discussion error: requireStack: [
2025-02-02 21:06:00,125 - DEBUG - [message_tracker.py:209] - Сохранение сообщения: {'timestamp': '2025-02-02 21:06:00', 'profile_id': 'system', 'type': 'error', 'content': 'requireStack: [', 'insight_id': '332145', 'status': 'error', 'error': 'requireStack: [', 'response_time': None, 'character_type': None}
2025-02-02 21:06:00,141 - ERROR - [message_tracker.py:112] - Discussion error: 'C:\\Users\\User\\Desktop\\wwww\\towns\\profiles.js',
2025-02-02 21:06:00,142 - DEBUG - [message_tracker.py:209] - Сохранение сообщения: {'timestamp': '2025-02-02 21:06:00', 'profile_id': 'system', 'type': 'error', 'content': "'C:\\\\Users\\\\User\\\\Desktop\\\\wwww\\\\towns\\\\profiles.js',", 'insight_id': '332145', 'status': 'error', 'error': "'C:\\\\Users\\\\User\\\\Desktop\\\\wwww\\\\towns\\\\profiles.js',", 'response_time': None, 'character_type': None}
2025-02-02 21:06:00,157 - ERROR - [message_tracker.py:112] - Discussion error: 'C:\\Users\\User\\Desktop\\wwww\\towns\\post-insight.js',
2025-02-02 21:06:00,157 - DEBUG - [message_tracker.py:209] - Сохранение сообщения: {'timestamp': '2025-02-02 21:06:00', 'profile_id': 'system', 'type': 'error', 'content': "'C:\\\\Users\\\\User\\\\Desktop\\\\wwww\\\\towns\\\\post-insight.js',", 'insight_id': '332145', 'status': 'error', 'error': "'C:\\\\Users\\\\User\\\\Desktop\\\\wwww\\\\towns\\\\post-insight.js',", 'response_time': None, 'character_type': None}
2025-02-02 21:06:00,173 - ERROR - [message_tracker.py:112] - Discussion error: 'C:\\Users\\User\\Desktop\\wwww\\towns\\run-discussion.js'
2025-02-02 21:06:00,173 - DEBUG - [message_tracker.py:209] - Сохранение сообщения: {'timestamp': '2025-02-02 21:06:00', 'profile_id': 'system', 'type': 'error', 'content': "'C:\\\\Users\\\\User\\\\Desktop\\\\wwww\\\\towns\\\\run-discussion.js'", 'insight_id': '332145', 'status': 'error', 'error': "'C:\\\\Users\\\\User\\\\Desktop\\\\wwww\\\\towns\\\\run-discussion.js'", 'response_time': None, 'character_type': None}
2025-02-02 21:06:00,191 - ERROR - [message_tracker.py:112] - Discussion error: ]
2025-02-02 21:06:00,191 - DEBUG - [message_tracker.py:209] - Сохранение сообщения: {'timestamp': '2025-02-02 21:06:00', 'profile_id': 'system', 'type': 'error', 'content': ']', 'insight_id': '332145', 'status': 'error', 'error': ']', 'response_time': None, 'character_type': None}
2025-02-02 21:06:00,207 - ERROR - [message_tracker.py:112] - Discussion error: }
2025-02-02 21:06:00,207 - DEBUG - [message_tracker.py:209] - Сохранение сообщения: {'timestamp': '2025-02-02 21:06:00', 'profile_id': 'system', 'type': 'error', 'content': '}', 'insight_id': '332145', 'status': 'error', 'error': '}', 'response_time': None, 'character_type': None}
2025-02-02 21:06:00,223 - ERROR - [message_tracker.py:112] - Discussion error: 
2025-02-02 21:06:00,223 - DEBUG - [message_tracker.py:209] - Сохранение сообщения: {'timestamp': '2025-02-02 21:06:00', 'profile_id': 'system', 'type': 'error', 'content': '', 'insight_id': '332145', 'status': 'error', 'error': '', 'response_time': None, 'character_type': None}
2025-02-02 21:06:00,239 - ERROR - [message_tracker.py:112] - Discussion error: Node.js v23.3.0
2025-02-02 21:06:00,240 - DEBUG - [message_tracker.py:209] - Сохранение сообщения: {'timestamp': '2025-02-02 21:06:00', 'profile_id': 'system', 'type': 'error', 'content': 'Node.js v23.3.0', 'insight_id': '332145', 'status': 'error', 'error': 'Node.js v23.3.0', 'response_time': None, 'character_type': None}
2025-02-02 21:06:00,256 - INFO - [message_tracker.py:124] - Обсуждение завершено за 0.897133 секунд с кодом 1
2025-02-02 21:06:00,257 - ERROR - [message_tracker.py:239] - Ошибка при выполнении обсуждения
